<?xml version="1.0" encoding="UTF-8"?>
<!-- Generated by org.testng.reporters.JUnitReportReporter -->
<testsuite hostname="Raj" failures="0" tests="1" name="Excelutil.Test_LoginExcel" time="10.629" errors="0" timestamp="2025-03-05T15:41:39 IST" skipped="0">
  <testcase classname="Excelutil.Test_LoginExcel" name="testLogin" time="10.629"/>
  <system-out/>
</testsuite> <!-- Excelutil.Test_LoginExcel -->
